<?xml version="1.0" encoding="UTF-8"?>
<!-- Generated by org.testng.reporters.JUnitReportReporter -->
<testsuite skipped="0" hostname="Ramkumar-PC" name="com.example.springmysql.SpringMysqlApplication" tests="1" failures="0" timestamp="06 Jul 2020 17:30:00 GMT" time="14.294" errors="0">
  <testcase name="amazonservice" time="14.294" classname="com.example.springmysql.SpringMysqlApplication"/>
</testsuite> <!-- com.example.springmysql.SpringMysqlApplication -->
